Build started 6/21/2013 4:48:58 PM.
     1>Project "C:\Users\Leon\Desktop\MfcDemo reflection\MFC_DEMO.vcxproj" on node 2 (build target(s)).
     1>InitializeBuildStatus:
         Creating ".\Debug\MFC_DEMO.unsuccessfulbuild" because "AlwaysCreate" was specified.
       ClCompile:
         All outputs are up-to-date.
         All outputs are up-to-date.
       ResourceCompile:
         All outputs are up-to-date.
       ManifestResourceCompile:
         All outputs are up-to-date.
       Link:
         All outputs are up-to-date.
       Manifest:
         C:\Program Files (x86)\Microsoft SDKs\Windows\v7.0A\bin\mt.exe /nologo /verbose /out:".\Debug\MFC_DEMO.exe.embed.manifest" /manifest .\Debug\MFC_DEMO.exe.intermediate.manifest "C:\Program Files (x86)\Microsoft Visual Studio 10.0\VC\Include\Manifest\dpiaware.manifest"
         All outputs are up-to-date.
       BscMake:
         All outputs are up-to-date.
       FinalizeBuildStatus:
         Deleting file ".\Debug\MFC_DEMO.unsuccessfulbuild".
         Touching ".\Debug\MFC_DEMO.lastbuildstate".
     1>Done Building Project "C:\Users\Leon\Desktop\MfcDemo reflection\MFC_DEMO.vcxproj" (build target(s)).

Build succeeded.

Time Elapsed 00:00:00.18
