Build started 6/21/2013 4:46:40 PM.
     1>Project "C:\Users\Leon\Desktop\Wacom\MfcDemo Area\MFC_DEMO.vcxproj" on node 2 (build target(s)).
     1>InitializeBuildStatus:
         Creating ".\Debug\MFC_DEMO.unsuccessfulbuild" because "AlwaysCreate" was specified.
       ClCompile:
         All outputs are up-to-date.
         C:\Program Files (x86)\Microsoft Visual Studio 10.0\VC\bin\CL.exe /c /ZI /nologo /W3 /WX- /Od /Oy- /D WIN32 /D _DEBUG /D _WINDOWS /D _VC80_UPGRADE=0x0600 /D _AFXDLL /Gm /EHsc /MDd /GS /fp:precise /Zc:wchar_t /Zc:forScope /Fo".\Debug/" /Fd".\Debug/vc100.pdb" /FR".\Debug\\" /Gd /TP /analyze- /errorReport:prompt demoview.cpp
         demoview.cpp
       ResourceCompile:
         All outputs are up-to-date.
       ManifestResourceCompile:
         All outputs are up-to-date.
       Link:
         C:\Program Files (x86)\Microsoft Visual Studio 10.0\VC\bin\link.exe /ERRORREPORT:PROMPT /OUT:".\Debug/MFC_DEMO.exe" /INCREMENTAL /NOLOGO /MANIFEST /ManifestFile:".\Debug\MFC_DEMO.exe.intermediate.manifest" /MANIFESTUAC:"level='asInvoker' uiAccess='false'" /DEBUG /PDB:".\Debug/MFC_DEMO.pdb" /SUBSYSTEM:WINDOWS /TLBID:1 /DYNAMICBASE:NO /IMPLIB:".\Debug\MFC_DEMO.lib" /MACHINE:X86 .\Debug\MFC_DEMO.res
         .\Debug\MFC_DEMO.exe.embed.manifest.res
         .\Debug/demodoc.obj
         .\Debug/demoview.obj
         .\Debug/Area.obj
         .\Debug/MainFrm.obj
         .\Debug/MFC_DEMO.obj
         .\Debug/StdAfx.obj
         .\Debug/tserial.obj
         .\Debug/Utils.obj
       Manifest:
         C:\Program Files (x86)\Microsoft SDKs\Windows\v7.0A\bin\mt.exe /nologo /verbose /out:".\Debug\MFC_DEMO.exe.embed.manifest" /manifest .\Debug\MFC_DEMO.exe.intermediate.manifest "C:\Program Files (x86)\Microsoft Visual Studio 10.0\VC\Include\Manifest\dpiaware.manifest"
         All outputs are up-to-date.
       LinkEmbedManifest:
         All outputs are up-to-date.
         MFC_DEMO.vcxproj -> C:\Users\Leon\Desktop\Wacom\MfcDemo Area\.\Debug\MFC_DEMO.exe
       BscMake:
         All outputs are up-to-date.
       FinalizeBuildStatus:
         Deleting file ".\Debug\MFC_DEMO.unsuccessfulbuild".
         Touching ".\Debug\MFC_DEMO.lastbuildstate".
     1>Done Building Project "C:\Users\Leon\Desktop\Wacom\MfcDemo Area\MFC_DEMO.vcxproj" (build target(s)).

Build succeeded.

Time Elapsed 00:00:03.56
